<?xml version="1.0" encoding="UTF-8" ?>
<testsuite failures="0" time="0.004" errors="0" skipped="0" tests="1" name="eu.sgok.PackageName.AppTest">
  <properties>
    <property name="java.vendor" value="Oracle Corporation"/>
    <property name="JOB_NAME" value="project2"/>
    <property name="PWD" value="/var/lib/jenkins"/>
    <property name="sun.java.launcher" value="SUN_STANDARD"/>
    <property name="sun.management.compiler" value="HotSpot 64-Bit Tiered Compilers"/>
    <property name="JENKINS_HOME" value="/var/lib/jenkins"/>
    <property name="PATH" value="/usr/local/java/jdk1.7.0_45//bin:/usr/local/bin:/usr/bin:/bin:/usr/local/games:/usr/games:/usr/lib/jvm/java-7-oracle:/usr/lib/jvm/java-7-oracle/jre:/var/lib/jenkins/bin:/home/samet/Downloads/apache-maven-3.1.1/bin"/>
    <property name="HUDSON_SERVER_COOKIE" value="47bed987d4955605"/>
    <property name="POM_ARTIFACTID" value="SimpleApp"/>
    <property name="os.name" value="Linux"/>
    <property name="sun.boot.class.path" value="/usr/local/java/jdk1.7.0_45/jre/lib/resources.jar:/usr/local/java/jdk1.7.0_45/jre/lib/rt.jar:/usr/local/java/jdk1.7.0_45/jre/lib/sunrsasign.jar:/usr/local/java/jdk1.7.0_45/jre/lib/jsse.jar:/usr/local/java/jdk1.7.0_45/jre/lib/jce.jar:/usr/local/java/jdk1.7.0_45/jre/lib/charsets.jar:/usr/local/java/jdk1.7.0_45/jre/lib/jfr.jar:/usr/local/java/jdk1.7.0_45/jre/classes"/>
    <property name="EXECUTOR_NUMBER" value="0"/>
    <property name="java.vm.specification.vendor" value="Oracle Corporation"/>
    <property name="POM_DISPLAYNAME" value="SimpleApp"/>
    <property name="NODE_LABELS" value="master"/>
    <property name="java.runtime.version" value="1.7.0_45-b18"/>
    <property name="user.name" value="jenkins"/>
    <property name="guice.disable.misplaced.annotation.check" value="true"/>
    <property name="XDG_SESSION_COOKIE" value="5b7e5a84f725fb6ecabf5dda0000000f-1390505792.367321-1576681930"/>
    <property name="user.language" value="en"/>
    <property name="BUILD_DISPLAY_NAME" value="#9"/>
    <property name="sun.boot.library.path" value="/usr/local/java/jdk1.7.0_45/jre/lib/amd64"/>
    <property name="java.version" value="1.7.0_45"/>
    <property name="user.timezone" value="Europe/Amsterdam"/>
    <property name="sun.arch.data.model" value="64"/>
    <property name="NODE_NAME" value="master"/>
    <property name="TERM" value="linux"/>
    <property name="NLSPATH" value="/usr/dt/lib/nls/msg/%L/%N.cat"/>
    <property name="java.endorsed.dirs" value="/usr/local/java/jdk1.7.0_45/jre/lib/endorsed"/>
    <property name="BUILD_ID" value="2014-01-23_21-06-11"/>
    <property name="sun.cpu.isalist" value=""/>
    <property name="sun.jnu.encoding" value="UTF-8"/>
    <property name="file.encoding.pkg" value="sun.io"/>
    <property name="SHELL" value="/bin/bash"/>
    <property name="file.separator" value="/"/>
    <property name="java.specification.name" value="Java Platform API Specification"/>
    <property name="java.class.version" value="51.0"/>
    <property name="org.slf4j.simpleLogger.defaultLogLevel" value="info"/>
    <property name="JRE_HOME" value="/usr/lib/jvm/java-7-oracle/jre"/>
    <property name="user.country" value="US"/>
    <property name="securerandom.source" value="file:/dev/./urandom"/>
    <property name="java.home" value="/usr/local/java/jdk1.7.0_45/jre"/>
    <property name="java.vm.info" value="mixed mode"/>
    <property name="os.version" value="3.8.0-35-generic"/>
    <property name="POM_VERSION" value="1.0-SNAPSHOT"/>
    <property name="sun.font.fontmanager" value="sun.awt.X11FontManager"/>
    <property name="path.separator" value=":"/>
    <property name="java.vm.version" value="24.45-b08"/>
    <property name="SHLVL" value="1"/>
    <property name="_" value="/usr/bin/daemon"/>
    <property name="java.awt.printerjob" value="sun.print.PSPrinterJob"/>
    <property name="JAVA_HOME" value="/usr/local/java/jdk1.7.0_45/"/>
    <property name="sun.io.unicode.encoding" value="UnicodeLittle"/>
    <property name="awt.toolkit" value="sun.awt.X11.XToolkit"/>
    <property name="LOGNAME" value="jenkins"/>
    <property name="POM_PACKAGING" value="jar"/>
    <property name="HOME" value="/var/lib/jenkins"/>
    <property name="POM_GROUPID" value="eu.sgok.PackageName"/>
    <property name="user.home" value="/var/lib/jenkins"/>
    <property name="BUILD_TAG" value="jenkins-project2-9"/>
    <property name="JENKINS_SERVER_COOKIE" value="47bed987d4955605"/>
    <property name="HUDSON_URL" value="http://localhost:8080/"/>
    <property name="java.specification.vendor" value="Oracle Corporation"/>
    <property name="CLASSPATH" value=""/>
    <property name="java.library.path" value="/usr/java/packages/lib/amd64:/usr/lib64:/lib64:/lib:/usr/lib"/>
    <property name="java.vendor.url" value="http://java.oracle.com/"/>
    <property name="java.vm.vendor" value="Oracle Corporation"/>
    <property name="maven.home" value="/home/samet/Downloads/apache-maven-3.1.1"/>
    <property name="java.runtime.name" value="Java(TM) SE Runtime Environment"/>
    <property name="sun.java.command" value="jenkins.maven3.agent.Maven31Main /home/samet/Downloads/apache-maven-3.1.1 /tmp/jetty-0.0.0.0-8080-jenkins.war--any-/webapp/WEB-INF/lib/remoting-2.33.jar /var/lib/jenkins/plugins/maven-plugin/WEB-INF/lib/maven31-interceptor-1.4.jar /var/lib/jenkins/plugins/maven-plugin/WEB-INF/lib/maven3-interceptor-commons-1.4.jar 43561"/>
    <property name="java.class.path" value="/var/lib/jenkins/plugins/maven-plugin/WEB-INF/lib/maven31-agent-1.4.jar:/home/samet/Downloads/apache-maven-3.1.1/boot/plexus-classworlds-2.5.1.jar:/home/samet/Downloads/apache-maven-3.1.1/conf/logging"/>
    <property name="java.vm.specification.name" value="Java Virtual Machine Specification"/>
    <property name="PATH+JDK" value="/usr/local/java/jdk1.7.0_45//bin"/>
    <property name="java.vm.specification.version" value="1.7"/>
    <property name="sun.os.patch.level" value="unknown"/>
    <property name="sun.cpu.endian" value="little"/>
    <property name="M2_HOME" value="/home/samet/Downloads/apache-maven-3.1.1"/>
    <property name="MAIL" value="/var/mail/jenkins"/>
    <property name="java.io.tmpdir" value="/tmp"/>
    <property name="HUDSON_HOME" value="/var/lib/jenkins"/>
    <property name="PATH+MAVEN" value="/home/samet/Downloads/apache-maven-3.1.1/bin"/>
    <property name="BUILD_URL" value="http://localhost:8080/job/project2/9/"/>
    <property name="java.vendor.url.bug" value="http://bugreport.sun.com/bugreport/"/>
    <property name="java.awt.graphicsenv" value="sun.awt.X11GraphicsEnvironment"/>
    <property name="os.arch" value="amd64"/>
    <property name="java.ext.dirs" value="/usr/local/java/jdk1.7.0_45/jre/lib/ext:/usr/java/packages/lib/ext"/>
    <property name="user.dir" value="/home/samet/SimpleApp"/>
    <property name="JOB_URL" value="http://localhost:8080/job/project2/"/>
    <property name="line.separator" value="
"/>
    <property name="MAVEN_HOME" value="/home/samet/Downloads/apache-maven-3.1.1"/>
    <property name="java.vm.name" value="Java HotSpot(TM) 64-Bit Server VM"/>
    <property name="BUILD_NUMBER" value="9"/>
    <property name="JENKINS_URL" value="http://localhost:8080/"/>
    <property name="file.encoding" value="UTF-8"/>
    <property name="LANG" value="en_US.UTF-8"/>
    <property name="maven3.interceptor" value="/var/lib/jenkins/plugins/maven-plugin/WEB-INF/lib/maven31-interceptor-1.4.jar"/>
    <property name="WORKSPACE" value="/var/lib/jenkins/jobs/project2/workspace"/>
    <property name="maven3.interceptor.common" value="/var/lib/jenkins/plugins/maven-plugin/WEB-INF/lib/maven3-interceptor-commons-1.4.jar"/>
    <property name="java.specification.version" value="1.7"/>
    <property name="USER" value="jenkins"/>
    <property name="XFILESEARCHPATH" value="/usr/dt/app-defaults/%L/Dt"/>
  </properties>
  <testcase time="0.004" classname="eu.sgok.PackageName.AppTest" name="testApp"/>
</testsuite>